#
# There is insufficient memory for the Java Runtime Environment to continue.
# Native memory allocation (mmap) failed to map 5726797824 bytes for committing reserved memory.
# Possible reasons:
#   The system is out of physical RAM or swap space
#   In 32 bit mode, the process size limit was hit
# Possible solutions:
#   Reduce memory load on the system
#   Increase physical memory or swap space
#   Check if swap backing store is full
#   Use 64 bit Java on a 64 bit OS
#   Decrease Java heap size (-Xmx/-Xms)
#   Decrease number of Java threads
#   Decrease Java thread stack sizes (-Xss)
#   Set larger code cache with -XX:ReservedCodeCacheSize=
# This output file may be truncated or incomplete.
#
#  Out of Memory Error (os_linux.cpp:2627), pid=18656, tid=124565411854080
#
# JRE version:  (8.0_74-b02) (build )
# Java VM: Java HotSpot(TM) 64-Bit Server VM (25.74-b02 mixed mode linux-amd64 compressed oops)
# Failed to write core dump. Core dumps have been disabled. To enable core dumping, try "ulimit -c unlimited" before starting Java again
#

---------------  T H R E A D  ---------------

Current thread (0x0000714a9c00b000):  JavaThread "Unknown thread" [_thread_in_vm, id=18661, stack(0x0000714aa50ff000,0x0000714aa5200000)]

Stack: [0x0000714aa50ff000,0x0000714aa5200000],  sp=0x0000714aa51fe3a0,  free space=1020k
Native frames: (J=compiled Java code, j=interpreted, Vv=VM code, C=native code)
V  [libjvm.so+0xaba7ea]  VMError::report_and_die()+0x2ba
V  [libjvm.so+0x4f9e3b]  report_vm_out_of_memory(char const*, int, unsigned long, VMErrorType, char const*)+0x8b
V  [libjvm.so+0x91b613]  os::Linux::commit_memory_impl(char*, unsigned long, bool)+0x103
V  [libjvm.so+0x91bb69]  os::pd_commit_memory(char*, unsigned long, unsigned long, bool)+0x29
V  [libjvm.so+0x915e6a]  os::commit_memory(char*, unsigned long, unsigned long, bool)+0x2a
V  [libjvm.so+0x989543]  PSVirtualSpace::expand_by(unsigned long)+0x53
V  [libjvm.so+0x979687]  PSOldGen::initialize(ReservedSpace, unsigned long, char const*, int)+0xb7
V  [libjvm.so+0x2d827a]  AdjoiningGenerations::AdjoiningGenerations(ReservedSpace, GenerationSizer*, unsigned long)+0x39a
V  [libjvm.so+0x93e9c6]  ParallelScavengeHeap::initialize()+0x1d6
V  [libjvm.so+0xa8301b]  Universe::initialize_heap()+0xfb
V  [libjvm.so+0xa8338e]  universe_init()+0x3e
V  [libjvm.so+0x6392c5]  init_globals()+0x65
V  [libjvm.so+0xa6758e]  Threads::create_vm(JavaVMInitArgs*, bool*)+0x23e
V  [libjvm.so+0x6cd7e4]  JNI_CreateJavaVM+0x74
C  [libjli.so+0x745e]  JavaMain+0x9e
C  [libpthread.so.0+0x751c]  start_thread+0xdc
C  [libc.so.6+0xf47cd]  clone+0x6d


---------------  P R O C E S S  ---------------

Java Threads: ( => current thread )

Other Threads:

=>0x0000714a9c00b000 (exited) JavaThread "Unknown thread" [_thread_in_vm, id=18661, stack(0x0000714aa50ff000,0x0000714aa5200000)]

VM state:not at safepoint (not fully initialized)

VM Mutex/Monitor currently owned by a thread: None

GC Heap History (0 events):
No events

Deoptimization events (0 events):
No events

Internal exceptions (0 events):
No events

Events (0 events):
No events


Dynamic libraries:
00200000-00401000 r-xp 00000000 00:12 14134429                           /opt/oracle-jdk-bin-1.8.0.74/bin/java
00600000-00601000 rw-p 00200000 00:12 14134429                           /opt/oracle-jdk-bin-1.8.0.74/bin/java
00601000-00b2b000 ---p 00000000 00:00 0 
00b2b000-00b4d000 rw-p 00000000 00:00 0                                  [heap]
71488ce00000-71488d000000 ---p 00000000 00:00 0 
7149e2580000-714a8d000000 rw-p 00000000 00:00 0 
714a8d000000-714a8d270000 rwxp 00000000 00:00 0 
714a8d270000-714a9c000000 ---p 00000000 00:00 0 
714a9c000000-714a9c032000 rw-p 00000000 00:00 0 
714a9c032000-714aa0000000 ---p 00000000 00:00 0 
714aa0c5c000-714aa0ee1000 rw-p 00000000 00:00 0 
714aa0ee1000-714aa198b000 ---p 00000000 00:00 0 
714aa198b000-714aa1eec000 rw-p 00000000 00:00 0 
714aa1eec000-714aa22a2000 ---p 00000000 00:00 0 
714aa22a2000-714aa22bc000 r-xp 00000000 00:12 14134530                   /opt/oracle-jdk-bin-1.8.0.74/jre/lib/amd64/libzip.so
714aa22bc000-714aa24bc000 ---p 0001a000 00:12 14134530                   /opt/oracle-jdk-bin-1.8.0.74/jre/lib/amd64/libzip.so
714aa24bc000-714aa24bd000 rw-p 0001a000 00:12 14134530                   /opt/oracle-jdk-bin-1.8.0.74/jre/lib/amd64/libzip.so
714aa24bd000-714aa24c8000 r-xp 00000000 00:12 13992560                   /lib64/libnss_files-2.21.so
714aa24c8000-714aa26c7000 ---p 0000b000 00:12 13992560                   /lib64/libnss_files-2.21.so
714aa26c7000-714aa26c8000 r--p 0000a000 00:12 13992560                   /lib64/libnss_files-2.21.so
714aa26c8000-714aa26c9000 rw-p 0000b000 00:12 13992560                   /lib64/libnss_files-2.21.so
714aa26c9000-714aa26d4000 r-xp 00000000 00:12 13992950                   /lib64/libnss_nis-2.21.so
714aa26d4000-714aa28d3000 ---p 0000b000 00:12 13992950                   /lib64/libnss_nis-2.21.so
714aa28d3000-714aa28d4000 r--p 0000a000 00:12 13992950                   /lib64/libnss_nis-2.21.so
714aa28d4000-714aa28d5000 rw-p 0000b000 00:12 13992950                   /lib64/libnss_nis-2.21.so
714aa28d5000-714aa28eb000 r-xp 00000000 00:12 13992888                   /lib64/libnsl-2.21.so
714aa28eb000-714aa2aea000 ---p 00016000 00:12 13992888                   /lib64/libnsl-2.21.so
714aa2aea000-714aa2aeb000 r--p 00015000 00:12 13992888                   /lib64/libnsl-2.21.so
714aa2aeb000-714aa2aec000 rw-p 00016000 00:12 13992888                   /lib64/libnsl-2.21.so
714aa2aec000-714aa2aee000 rw-p 00000000 00:00 0 
714aa2aee000-714aa2af5000 r-xp 00000000 00:12 13993029                   /lib64/libnss_compat-2.21.so
714aa2af5000-714aa2cf5000 ---p 00007000 00:12 13993029                   /lib64/libnss_compat-2.21.so
714aa2cf5000-714aa2cf6000 r--p 00007000 00:12 13993029                   /lib64/libnss_compat-2.21.so
714aa2cf6000-714aa2cf7000 rw-p 00008000 00:12 13993029                   /lib64/libnss_compat-2.21.so
714aa2cf7000-714aa2d21000 r-xp 00000000 00:12 14134550                   /opt/oracle-jdk-bin-1.8.0.74/jre/lib/amd64/libjava.so
714aa2d21000-714aa2f21000 ---p 0002a000 00:12 14134550                   /opt/oracle-jdk-bin-1.8.0.74/jre/lib/amd64/libjava.so
714aa2f21000-714aa2f23000 rw-p 0002a000 00:12 14134550                   /opt/oracle-jdk-bin-1.8.0.74/jre/lib/amd64/libjava.so
714aa2f23000-714aa2f30000 r-xp 00000000 00:12 14134518                   /opt/oracle-jdk-bin-1.8.0.74/jre/lib/amd64/libverify.so
714aa2f30000-714aa3130000 ---p 0000d000 00:12 14134518                   /opt/oracle-jdk-bin-1.8.0.74/jre/lib/amd64/libverify.so
714aa3130000-714aa3132000 rw-p 0000d000 00:12 14134518                   /opt/oracle-jdk-bin-1.8.0.74/jre/lib/amd64/libverify.so
714aa3132000-714aa3139000 r-xp 00000000 00:12 13991771                   /lib64/librt-2.21.so
714aa3139000-714aa3338000 ---p 00007000 00:12 13991771                   /lib64/librt-2.21.so
714aa3338000-714aa3339000 r--p 00006000 00:12 13991771                   /lib64/librt-2.21.so
714aa3339000-714aa333a000 rw-p 00007000 00:12 13991771                   /lib64/librt-2.21.so
714aa333a000-714aa343d000 r-xp 00000000 00:12 13990847                   /lib64/libm-2.21.so
714aa343d000-714aa363c000 ---p 00103000 00:12 13990847                   /lib64/libm-2.21.so
714aa363c000-714aa363d000 r--p 00102000 00:12 13990847                   /lib64/libm-2.21.so
714aa363d000-714aa363e000 rw-p 00103000 00:12 13990847                   /lib64/libm-2.21.so
714aa363e000-714aa42fd000 r-xp 00000000 00:12 14134553                   /opt/oracle-jdk-bin-1.8.0.74/jre/lib/amd64/server/libjvm.so
714aa42fd000-714aa44fc000 ---p 00cbf000 00:12 14134553                   /opt/oracle-jdk-bin-1.8.0.74/jre/lib/amd64/server/libjvm.so
714aa44fc000-714aa45d5000 rw-p 00cbe000 00:12 14134553                   /opt/oracle-jdk-bin-1.8.0.74/jre/lib/amd64/server/libjvm.so
714aa45d5000-714aa461e000 rw-p 00000000 00:00 0 
714aa461e000-714aa47be000 r-xp 00000000 00:12 13993075                   /lib64/libc-2.21.so
714aa47be000-714aa49bd000 ---p 001a0000 00:12 13993075                   /lib64/libc-2.21.so
714aa49bd000-714aa49c1000 r--p 0019f000 00:12 13993075                   /lib64/libc-2.21.so
714aa49c1000-714aa49c3000 rw-p 001a3000 00:12 13993075                   /lib64/libc-2.21.so
714aa49c3000-714aa49c8000 rw-p 00000000 00:00 0 
714aa49c8000-714aa49ca000 r-xp 00000000 00:12 13990878                   /lib64/libdl-2.21.so
714aa49ca000-714aa4bca000 ---p 00002000 00:12 13990878                   /lib64/libdl-2.21.so
714aa4bca000-714aa4bcb000 r--p 00002000 00:12 13990878                   /lib64/libdl-2.21.so
714aa4bcb000-714aa4bcc000 rw-p 00003000 00:12 13990878                   /lib64/libdl-2.21.so
714aa4bcc000-714aa4be1000 r-xp 00000000 00:12 14135354                   /opt/oracle-jdk-bin-1.8.0.74/lib/amd64/jli/libjli.so
714aa4be1000-714aa4de1000 ---p 00015000 00:12 14135354                   /opt/oracle-jdk-bin-1.8.0.74/lib/amd64/jli/libjli.so
714aa4de1000-714aa4de2000 rw-p 00015000 00:12 14135354                   /opt/oracle-jdk-bin-1.8.0.74/lib/amd64/jli/libjli.so
714aa4de2000-714aa4dfa000 r-xp 00000000 00:12 13993080                   /lib64/libpthread-2.21.so
714aa4dfa000-714aa4ff9000 ---p 00018000 00:12 13993080                   /lib64/libpthread-2.21.so
714aa4ff9000-714aa4ffa000 r--p 00017000 00:12 13993080                   /lib64/libpthread-2.21.so
714aa4ffa000-714aa4ffb000 rw-p 00018000 00:12 13993080                   /lib64/libpthread-2.21.so
714aa4ffb000-714aa4fff000 rw-p 00000000 00:00 0 
714aa4fff000-714aa5022000 r-xp 00000000 00:12 13993074                   /lib64/ld-2.21.so
714aa50ff000-714aa5102000 ---p 00000000 00:00 0 
714aa5102000-714aa5204000 rw-p 00000000 00:00 0                          [stack:18661]
714aa520f000-714aa5212000 rw-p 00000000 00:00 0 
714aa5212000-714aa521a000 rw-s 00000000 00:28 88611                      /tmp/hsperfdata_jvican/18656
714aa521a000-714aa521b000 rw-p 00000000 00:00 0 
714aa521b000-714aa521c000 r--p 00000000 00:00 0 
714aa521c000-714aa521d000 rw-p 00000000 00:00 0 
714aa521d000-714aa521f000 r--p 00000000 00:00 0                          [vvar]
714aa521f000-714aa5221000 r-xp 00000000 00:00 0                          [vdso]
714aa5221000-714aa5222000 r--p 00022000 00:12 13993074                   /lib64/ld-2.21.so
714aa5222000-714aa5223000 rw-p 00023000 00:12 13993074                   /lib64/ld-2.21.so
714aa5223000-714aa5224000 rw-p 00000000 00:00 0 
7659c97f1000-7659c9813000 rw-p 00000000 00:00 0                          [stack]
ffffffffff600000-ffffffffff601000 r--p 00000000 00:00 0                  [vsyscall]

VM Arguments:
jvm_args: -verbose:gc -Xms8g -Xmx8g 
java_command: org.scalameter.execution.Main /tmp/newjvm-306829387714528581-io
java_class_path (initial): /data/rw/code/scala/fastparsers/FastParsers/target/scala-2.11/test-classes/:/data/rw/code/scala/fastparsers/FastParsers/target/scala-2.11/classes/:/home/jvican/.coursier/cache/v1/https/jcenter.bintray.com/xml-apis/xml-apis/1.3.04/xml-apis-1.3.04.jar:/home/jvican/.coursier/cache/v1/https/jcenter.bintray.com/org/scala-lang/modules/scala-parser-combinators_2.11/1.0.4/scala-parser-combinators_2.11-1.0.4.jar:/home/jvican/.coursier/cache/v1/https/jcenter.bintray.com/org/jfree/jcommon/1.0.21/jcommon-1.0.21.jar:/home/jvican/.coursier/cache/v1/https/jcenter.bintray.com/org/scala-lang/modules/scala-xml_2.11/1.0.4/scala-xml_2.11-1.0.4.jar:/home/jvican/.coursier/cache/v1/https/jcenter.bintray.com/org/scalatest/scalatest_2.11/3.0.0-M15/scalatest_2.11-3.0.0-M15.jar:/home/jvican/.coursier/cache/v1/https/jcenter.bintray.com/org/scala-sbt/test-interface/1.0/test-interface-1.0.jar:/home/jvican/.coursier/cache/v1/https/jcenter.bintray.com/org/scala-lang/scala-reflect/2.11.7/scala-reflect-2.11.7.jar:/home/jvican/.coursier/cache/v1/https/jcenter.bintray.com/org/scala-tools/testing/test-interface/0.5/test-interface-0.5.jar:/home/jvican/.coursier/cache/v1/https/jcenter.bintray.com/com/lihaoyi/derive_2.11/0.3.8/derive_2.11-0.3.8.jar:/home/jvican/.coursier/cache/v1/https/jcenter.bintray.com/org/apache/commons/commons-math3/3.2/commons-math3-3.2.jar:/home/jvican/.coursier/cache/v1/https/jcenter.bintray.com/com/storm-enroute/scalameter-core_2.11/0.6/scalameter-core_2.11-0.6.jar:/home/jvican/.coursier/cache/v1/https/jcenter.bintray.com/org/scalacheck/scalacheck_2.11/1.11.5/scalacheck_2.11-1.11.5.jar:/home/jvican/.coursier/cache/v1/https/jcenter.bintray.com/org/scala-lang/scala-library/2.11.7/scala-library-2.11.7.jar:/home/jvican/.coursier/cache/v1/https/jcenter.bintray.com/org/scala-lang/scala-compiler/2.11.7/scala-compiler-2.11.7.jar:/home/jvican/.coursier/cache/v1/https/jcenter.bintray.com/org/jfree/jfreechart/1.0.17/jfreechart-1.0.17.jar:/home/jvican/.coursier/c
Launcher Type: SUN_STANDARD

Environment Variables:
JAVA_HOME=/etc/java-config-2/current-system-vm
PATH=/usr/local/sbin:/usr/local/bin:/usr/sbin:/usr/bin:/sbin:/bin:/opt/bin:/usr/x86_64-pc-linux-gnu/gcc-bin/4.9.3
SHELL=/bin/zsh
DISPLAY=:0

Signal Handlers:
SIGSEGV: [libjvm.so+0xabb070], sa_mask[0]=11111111011111111101111111111110, sa_flags=SA_RESTART|SA_SIGINFO
SIGBUS: [libjvm.so+0xabb070], sa_mask[0]=11111111011111111101111111111110, sa_flags=SA_RESTART|SA_SIGINFO
SIGFPE: [libjvm.so+0x918480], sa_mask[0]=11111111011111111101111111111110, sa_flags=SA_RESTART|SA_SIGINFO
SIGPIPE: [libjvm.so+0x918480], sa_mask[0]=11111111011111111101111111111110, sa_flags=SA_RESTART|SA_SIGINFO
SIGXFSZ: [libjvm.so+0x918480], sa_mask[0]=11111111011111111101111111111110, sa_flags=SA_RESTART|SA_SIGINFO
SIGILL: [libjvm.so+0x918480], sa_mask[0]=11111111011111111101111111111110, sa_flags=SA_RESTART|SA_SIGINFO
SIGUSR1: SIG_DFL, sa_mask[0]=00000000000000000000000000000000, sa_flags=none
SIGUSR2: [libjvm.so+0x919ab0], sa_mask[0]=00100000000000000000000000000000, sa_flags=SA_RESTART|SA_SIGINFO
SIGHUP: SIG_DFL, sa_mask[0]=00000000000000000000000000000000, sa_flags=none
SIGINT: SIG_DFL, sa_mask[0]=00000000000000000000000000000000, sa_flags=none
SIGTERM: SIG_DFL, sa_mask[0]=00000000000000000000000000000000, sa_flags=none
SIGQUIT: SIG_DFL, sa_mask[0]=00000000000000000000000000000000, sa_flags=none


---------------  S Y S T E M  ---------------

OS:DISTRIB_ID="Gentoo"

uname:Linux 4.3.3-hardened-r4 #4 SMP Mon Feb 29 23:09:50 CET 2016 x86_64
libc:glibc 2.21 NPTL 2.21 
rlimit: STACK 8192k, CORE 0k, NPROC 27316, NOFILE 4096, AS infinity
load average:0.86 0.79 0.72

/proc/meminfo:
MemTotal:        6995896 kB
MemFree:         2220160 kB
MemAvailable:    3508240 kB
Buffers:            1800 kB
Cached:          1525512 kB
SwapCached:            0 kB
Active:          3554948 kB
Inactive:        1096684 kB
Active(anon):    3143980 kB
Inactive(anon):   227856 kB
Active(file):     410968 kB
Inactive(file):   868828 kB
Unevictable:          16 kB
Mlocked:              16 kB
SwapTotal:             0 kB
SwapFree:              0 kB
Dirty:             14720 kB
Writeback:             0 kB
AnonPages:       3124500 kB
Mapped:           210528 kB
Shmem:            247496 kB
Slab:              70788 kB
SReclaimable:      47920 kB
SUnreclaim:        22868 kB
KernelStack:        7248 kB
PageTables:        13324 kB
NFS_Unstable:          0 kB
Bounce:                0 kB
WritebackTmp:          0 kB
CommitLimit:     3497948 kB
Committed_AS:    8817780 kB
VmallocTotal:   34359738367 kB
VmallocUsed:           0 kB
VmallocChunk:          0 kB
HugePages_Total:       0
HugePages_Free:        0
HugePages_Rsvd:        0
HugePages_Surp:        0
Hugepagesize:       2048 kB
DirectMap4k:        8248 kB
DirectMap2M:     7188480 kB


CPU:total 4 (2 cores per cpu, 2 threads per core) family 6 model 37 stepping 5, cmov, cx8, fxsr, mmx, sse, sse2, sse3, ssse3, sse4.1, sse4.2, popcnt, aes, clmul, ht, tsc, tscinvbit

/proc/cpuinfo:
processor	: 0
vendor_id	: GenuineIntel
cpu family	: 6
model		: 37
model name	: Intel(R) Core(TM) i5 CPU       M 540  @ 2.53GHz
stepping	: 5
microcode	: 0x2
cpu MHz		: 2399.000
cache size	: 3072 KB
physical id	: 0
siblings	: 4
core id		: 0
cpu cores	: 2
apicid		: 0
initial apicid	: 0
fpu		: yes
fpu_exception	: yes
cpuid level	: 11
wp		: yes
flags		: fpu vme de pse tsc msr pae mce cx8 apic sep mtrr pge mca cmov pat pse36 clflush dts acpi mmx fxsr sse sse2 ss ht tm pbe syscall nx rdtscp lm constant_tsc arch_perfmon pebs bts rep_good nopl xtopology nonstop_tsc aperfmperf pni pclmulqdq dtes64 monitor ds_cpl vmx smx est tm2 ssse3 cx16 xtpr pdcm pcid sse4_1 sse4_2 popcnt aes lahf_lm ida arat dtherm tpr_shadow vnmi flexpriority ept vpid
bugs		:
bogomips	: 5053.96
clflush size	: 64
cache_alignment	: 64
address sizes	: 36 bits physical, 48 bits virtual
power management:

processor	: 1
vendor_id	: GenuineIntel
cpu family	: 6
model		: 37
model name	: Intel(R) Core(TM) i5 CPU       M 540  @ 2.53GHz
stepping	: 5
microcode	: 0x2
cpu MHz		: 2534.000
cache size	: 3072 KB
physical id	: 0
siblings	: 4
core id		: 0
cpu cores	: 2
apicid		: 1
initial apicid	: 1
fpu		: yes
fpu_exception	: yes
cpuid level	: 11
wp		: yes
flags		: fpu vme de pse tsc msr pae mce cx8 apic sep mtrr pge mca cmov pat pse36 clflush dts acpi mmx fxsr sse sse2 ss ht tm pbe syscall nx rdtscp lm constant_tsc arch_perfmon pebs bts rep_good nopl xtopology nonstop_tsc aperfmperf pni pclmulqdq dtes64 monitor ds_cpl vmx smx est tm2 ssse3 cx16 xtpr pdcm pcid sse4_1 sse4_2 popcnt aes lahf_lm ida arat dtherm tpr_shadow vnmi flexpriority ept vpid
bugs		:
bogomips	: 5053.96
clflush size	: 64
cache_alignment	: 64
address sizes	: 36 bits physical, 48 bits virtual
power management:

processor	: 2
vendor_id	: GenuineIntel
cpu family	: 6
model		: 37
model name	: Intel(R) Core(TM) i5 CPU       M 540  @ 2.53GHz
stepping	: 5
microcode	: 0x2
cpu MHz		: 2534.000
cache size	: 3072 KB
physical id	: 0
siblings	: 4
core id		: 2
cpu cores	: 2
apicid		: 4
initial apicid	: 4
fpu		: yes
fpu_exception	: yes
cpuid level	: 11
wp		: yes
flags		: fpu vme de pse tsc msr pae mce cx8 apic sep mtrr pge mca cmov pat pse36 clflush dts acpi mmx fxsr sse sse2 ss ht tm pbe syscall nx rdtscp lm constant_tsc arch_perfmon pebs bts rep_good nopl xtopology nonstop_tsc aperfmperf pni pclmulqdq dtes64 monitor ds_cpl vmx smx est tm2 ssse3 cx16 xtpr pdcm pcid sse4_1 sse4_2 popcnt aes lahf_lm ida arat dtherm tpr_shadow vnmi flexpriority ept vpid
bugs		:
bogomips	: 5053.96
clflush size	: 64
cache_alignment	: 64
address sizes	: 36 bits physical, 48 bits virtual
power management:

processor	: 3
vendor_id	: GenuineIntel
cpu family	: 6
model		: 37
model name	: Intel(R) Core(TM) i5 CPU       M 540  @ 2.53GHz
stepping	: 5
microcode	: 0x2
cpu MHz		: 1733.000
cache size	: 3072 KB
physical id	: 0
siblings	: 4
core id		: 2
cpu cores	: 2
apicid		: 5
initial apicid	: 5
fpu		: yes
fpu_exception	: yes
cpuid level	: 11
wp		: yes
flags		: fpu vme de pse tsc msr pae mce cx8 apic sep mtrr pge mca cmov pat pse36 clflush dts acpi mmx fxsr sse sse2 ss ht tm pbe syscall nx rdtscp lm constant_tsc arch_perfmon pebs bts rep_good nopl xtopology nonstop_tsc aperfmperf pni pclmulqdq dtes64 monitor ds_cpl vmx smx est tm2 ssse3 cx16 xtpr pdcm pcid sse4_1 sse4_2 popcnt aes lahf_lm ida arat dtherm tpr_shadow vnmi flexpriority ept vpid
bugs		:
bogomips	: 5053.96
clflush size	: 64
cache_alignment	: 64
address sizes	: 36 bits physical, 48 bits virtual
power management:



Memory: 4k page, physical 6995896k(2220160k free), swap 0k(0k free)

vm_info: Java HotSpot(TM) 64-Bit Server VM (25.74-b02) for linux-amd64 JRE (1.8.0_74-b02), built on Jan 29 2016 19:20:56 by "java_re" with gcc 4.3.0 20080428 (Red Hat 4.3.0-8)

time: Mon Mar 14 09:58:33 2016
elapsed time: 0 seconds (0d 0h 0m 0s)

