#
# There is insufficient memory for the Java Runtime Environment to continue.
# Native memory allocation (mmap) failed to map 5726273536 bytes for committing reserved memory.
# Possible reasons:
#   The system is out of physical RAM or swap space
#   In 32 bit mode, the process size limit was hit
# Possible solutions:
#   Reduce memory load on the system
#   Increase physical memory or swap space
#   Check if swap backing store is full
#   Use 64 bit Java on a 64 bit OS
#   Decrease Java heap size (-Xmx/-Xms)
#   Decrease number of Java threads
#   Decrease Java thread stack sizes (-Xss)
#   Set larger code cache with -XX:ReservedCodeCacheSize=
# This output file may be truncated or incomplete.
#
#  Out of Memory Error (os_linux.cpp:2627), pid=15654, tid=128612835579648
#
# JRE version:  (8.0_74-b02) (build )
# Java VM: Java HotSpot(TM) 64-Bit Server VM (25.74-b02 mixed mode linux-amd64 compressed oops)
# Failed to write core dump. Core dumps have been disabled. To enable core dumping, try "ulimit -c unlimited" before starting Java again
#

---------------  T H R E A D  ---------------

Current thread (0x000074f8fc1f4800):  JavaThread "Unknown thread" [_thread_in_vm, id=15661, stack(0x000074f90250d000,0x000074f90260e000)]

Stack: [0x000074f90250d000,0x000074f90260e000],  sp=0x000074f90260c3e0,  free space=1020k
Native frames: (J=compiled Java code, j=interpreted, Vv=VM code, C=native code)
V  [libjvm.so+0xaba7ea]  VMError::report_and_die()+0x2ba
V  [libjvm.so+0x4f9e3b]  report_vm_out_of_memory(char const*, int, unsigned long, VMErrorType, char const*)+0x8b
V  [libjvm.so+0x91b613]  os::Linux::commit_memory_impl(char*, unsigned long, bool)+0x103
V  [libjvm.so+0x91bb69]  os::pd_commit_memory(char*, unsigned long, unsigned long, bool)+0x29
V  [libjvm.so+0x915e6a]  os::commit_memory(char*, unsigned long, unsigned long, bool)+0x2a
V  [libjvm.so+0x989543]  PSVirtualSpace::expand_by(unsigned long)+0x53
V  [libjvm.so+0x98a505]  PSYoungGen::initialize_virtual_space(ReservedSpace, unsigned long)+0x75
V  [libjvm.so+0x98ae6e]  PSYoungGen::initialize(ReservedSpace, unsigned long)+0x3e
V  [libjvm.so+0x2d8225]  AdjoiningGenerations::AdjoiningGenerations(ReservedSpace, GenerationSizer*, unsigned long)+0x345
V  [libjvm.so+0x93e9c6]  ParallelScavengeHeap::initialize()+0x1d6
V  [libjvm.so+0xa8301b]  Universe::initialize_heap()+0xfb
V  [libjvm.so+0xa8338e]  universe_init()+0x3e
V  [libjvm.so+0x6392c5]  init_globals()+0x65
V  [libjvm.so+0xa6758e]  Threads::create_vm(JavaVMInitArgs*, bool*)+0x23e
V  [libjvm.so+0x6cd7e4]  JNI_CreateJavaVM+0x74
C  [libjli.so+0x745e]  JavaMain+0x9e
C  [libpthread.so.0+0x751c]  start_thread+0xdc
C  [libc.so.6+0xf47cd]  clone+0x6d


---------------  P R O C E S S  ---------------

Java Threads: ( => current thread )

Other Threads:

=>0x000074f8fc1f4800 (exited) JavaThread "Unknown thread" [_thread_in_vm, id=15661, stack(0x000074f90250d000,0x000074f90260e000)]

VM state:not at safepoint (not fully initialized)

VM Mutex/Monitor currently owned by a thread: None

GC Heap History (0 events):
No events

Deoptimization events (0 events):
No events

Internal exceptions (0 events):
No events

Events (0 events):
No events


Dynamic libraries:
00200000-00401000 r-xp 00000000 00:12 14134429                           /opt/oracle-jdk-bin-1.8.0.74/bin/java
00600000-00601000 rw-p 00200000 00:12 14134429                           /opt/oracle-jdk-bin-1.8.0.74/bin/java
00601000-0349e000 ---p 00000000 00:00 0 
0349e000-034c0000 rw-p 00000000 00:00 0                                  [heap]
74f4e83ff000-74f4ea3ff000 ---p 00000000 00:00 0 
74f4ea3ff000-74f4ea400000 rw-p 00000000 00:00 0 
74f4ea400000-74f795100000 ---p 00000000 00:00 0 
74f8ea510000-74f8ea6b0000 rw-p 00000000 00:00 0 
74f8ea6b0000-74f8eaa66000 ---p 00000000 00:00 0 
74f8eaa66000-74f8eacd6000 rwxp 00000000 00:00 0 
74f8eacd6000-74f8f9a66000 ---p 00000000 00:00 0 
74f8f9a66000-74f8f9a80000 r-xp 00000000 00:12 14134530                   /opt/oracle-jdk-bin-1.8.0.74/jre/lib/amd64/libzip.so
74f8f9a80000-74f8f9c80000 ---p 0001a000 00:12 14134530                   /opt/oracle-jdk-bin-1.8.0.74/jre/lib/amd64/libzip.so
74f8f9c80000-74f8f9c81000 rw-p 0001a000 00:12 14134530                   /opt/oracle-jdk-bin-1.8.0.74/jre/lib/amd64/libzip.so
74f8f9c81000-74f8f9db0000 rw-p 00000000 00:00 0 
74f8f9db0000-74f8f9dbb000 r-xp 00000000 00:12 13992560                   /lib64/libnss_files-2.21.so
74f8f9dbb000-74f8f9fba000 ---p 0000b000 00:12 13992560                   /lib64/libnss_files-2.21.so
74f8f9fba000-74f8f9fbb000 r--p 0000a000 00:12 13992560                   /lib64/libnss_files-2.21.so
74f8f9fbb000-74f8f9fbc000 rw-p 0000b000 00:12 13992560                   /lib64/libnss_files-2.21.so
74f8f9fbc000-74f8f9fc7000 r-xp 00000000 00:12 13992950                   /lib64/libnss_nis-2.21.so
74f8f9fc7000-74f8fa1c6000 ---p 0000b000 00:12 13992950                   /lib64/libnss_nis-2.21.so
74f8fa1c6000-74f8fa1c7000 r--p 0000a000 00:12 13992950                   /lib64/libnss_nis-2.21.so
74f8fa1c7000-74f8fa1c8000 rw-p 0000b000 00:12 13992950                   /lib64/libnss_nis-2.21.so
74f8fa1c8000-74f8fa1de000 r-xp 00000000 00:12 13992888                   /lib64/libnsl-2.21.so
74f8fa1de000-74f8fa3dd000 ---p 00016000 00:12 13992888                   /lib64/libnsl-2.21.so
74f8fa3dd000-74f8fa3de000 r--p 00015000 00:12 13992888                   /lib64/libnsl-2.21.so
74f8fa3de000-74f8fa3df000 rw-p 00016000 00:12 13992888                   /lib64/libnsl-2.21.so
74f8fa3df000-74f8fa3e1000 rw-p 00000000 00:00 0 
74f8fa3e1000-74f8fa3e8000 r-xp 00000000 00:12 13993029                   /lib64/libnss_compat-2.21.so
74f8fa3e8000-74f8fa5e8000 ---p 00007000 00:12 13993029                   /lib64/libnss_compat-2.21.so
74f8fa5e8000-74f8fa5e9000 r--p 00007000 00:12 13993029                   /lib64/libnss_compat-2.21.so
74f8fa5e9000-74f8fa5ea000 rw-p 00008000 00:12 13993029                   /lib64/libnss_compat-2.21.so
74f8fa5ea000-74f8fba8f000 rw-p 00000000 00:00 0 
74f8fba8f000-74f8fbdee000 r-xp 00000000 00:12 15731533                   /home/jvican/downloads/yjp-2016.02/bin/linux-x86-64/libyjpagent.so
74f8fbdee000-74f8fbfed000 ---p 0035f000 00:12 15731533                   /home/jvican/downloads/yjp-2016.02/bin/linux-x86-64/libyjpagent.so
74f8fbfed000-74f8fbffc000 rw-p 0035e000 00:12 15731533                   /home/jvican/downloads/yjp-2016.02/bin/linux-x86-64/libyjpagent.so
74f8fbffc000-74f8fc000000 rw-p 00000000 00:00 0 
74f8fc000000-74f8fc38e000 rw-p 00000000 00:00 0 
74f8fc38e000-74f900000000 ---p 00000000 00:00 0 
74f900083000-74f900105000 rw-p 00000000 00:00 0 
74f900105000-74f90012f000 r-xp 00000000 00:12 14134550                   /opt/oracle-jdk-bin-1.8.0.74/jre/lib/amd64/libjava.so
74f90012f000-74f90032f000 ---p 0002a000 00:12 14134550                   /opt/oracle-jdk-bin-1.8.0.74/jre/lib/amd64/libjava.so
74f90032f000-74f900331000 rw-p 0002a000 00:12 14134550                   /opt/oracle-jdk-bin-1.8.0.74/jre/lib/amd64/libjava.so
74f900331000-74f90033e000 r-xp 00000000 00:12 14134518                   /opt/oracle-jdk-bin-1.8.0.74/jre/lib/amd64/libverify.so
74f90033e000-74f90053e000 ---p 0000d000 00:12 14134518                   /opt/oracle-jdk-bin-1.8.0.74/jre/lib/amd64/libverify.so
74f90053e000-74f900540000 rw-p 0000d000 00:12 14134518                   /opt/oracle-jdk-bin-1.8.0.74/jre/lib/amd64/libverify.so
74f900540000-74f900547000 r-xp 00000000 00:12 13991771                   /lib64/librt-2.21.so
74f900547000-74f900746000 ---p 00007000 00:12 13991771                   /lib64/librt-2.21.so
74f900746000-74f900747000 r--p 00006000 00:12 13991771                   /lib64/librt-2.21.so
74f900747000-74f900748000 rw-p 00007000 00:12 13991771                   /lib64/librt-2.21.so
74f900748000-74f90084b000 r-xp 00000000 00:12 13990847                   /lib64/libm-2.21.so
74f90084b000-74f900a4a000 ---p 00103000 00:12 13990847                   /lib64/libm-2.21.so
74f900a4a000-74f900a4b000 r--p 00102000 00:12 13990847                   /lib64/libm-2.21.so
74f900a4b000-74f900a4c000 rw-p 00103000 00:12 13990847                   /lib64/libm-2.21.so
74f900a4c000-74f90170b000 r-xp 00000000 00:12 14134553                   /opt/oracle-jdk-bin-1.8.0.74/jre/lib/amd64/server/libjvm.so
74f90170b000-74f90190a000 ---p 00cbf000 00:12 14134553                   /opt/oracle-jdk-bin-1.8.0.74/jre/lib/amd64/server/libjvm.so
74f90190a000-74f9019e3000 rw-p 00cbe000 00:12 14134553                   /opt/oracle-jdk-bin-1.8.0.74/jre/lib/amd64/server/libjvm.so
74f9019e3000-74f901a2c000 rw-p 00000000 00:00 0 
74f901a2c000-74f901bcc000 r-xp 00000000 00:12 13993075                   /lib64/libc-2.21.so
74f901bcc000-74f901dcb000 ---p 001a0000 00:12 13993075                   /lib64/libc-2.21.so
74f901dcb000-74f901dcf000 r--p 0019f000 00:12 13993075                   /lib64/libc-2.21.so
74f901dcf000-74f901dd1000 rw-p 001a3000 00:12 13993075                   /lib64/libc-2.21.so
74f901dd1000-74f901dd6000 rw-p 00000000 00:00 0 
74f901dd6000-74f901dd8000 r-xp 00000000 00:12 13990878                   /lib64/libdl-2.21.so
74f901dd8000-74f901fd8000 ---p 00002000 00:12 13990878                   /lib64/libdl-2.21.so
74f901fd8000-74f901fd9000 r--p 00002000 00:12 13990878                   /lib64/libdl-2.21.so
74f901fd9000-74f901fda000 rw-p 00003000 00:12 13990878                   /lib64/libdl-2.21.so
74f901fda000-74f901fef000 r-xp 00000000 00:12 14135354                   /opt/oracle-jdk-bin-1.8.0.74/lib/amd64/jli/libjli.so
74f901fef000-74f9021ef000 ---p 00015000 00:12 14135354                   /opt/oracle-jdk-bin-1.8.0.74/lib/amd64/jli/libjli.so
74f9021ef000-74f9021f0000 rw-p 00015000 00:12 14135354                   /opt/oracle-jdk-bin-1.8.0.74/lib/amd64/jli/libjli.so
74f9021f0000-74f902208000 r-xp 00000000 00:12 13993080                   /lib64/libpthread-2.21.so
74f902208000-74f902407000 ---p 00018000 00:12 13993080                   /lib64/libpthread-2.21.so
74f902407000-74f902408000 r--p 00017000 00:12 13993080                   /lib64/libpthread-2.21.so
74f902408000-74f902409000 rw-p 00018000 00:12 13993080                   /lib64/libpthread-2.21.so
74f902409000-74f90240d000 rw-p 00000000 00:00 0 
74f90240d000-74f902430000 r-xp 00000000 00:12 13993074                   /lib64/ld-2.21.so
74f90243a000-74f90250d000 rw-p 00000000 00:00 0 
74f90250d000-74f902510000 ---p 00000000 00:00 0 
74f902510000-74f902612000 rw-p 00000000 00:00 0                          [stack:15661]
74f90261b000-74f90261e000 rw-p 00000000 00:00 0 
74f90261e000-74f902626000 rw-s 00000000 00:28 423808                     /tmp/hsperfdata_jvican/15654
74f902626000-74f902627000 rw-s 00000000 00:05 30179331                   /SYSV42341492 (deleted)
74f902627000-74f902629000 rw-p 00000000 00:00 0 
74f902629000-74f90262a000 r--p 00000000 00:00 0 
74f90262a000-74f90262b000 rw-p 00000000 00:00 0 
74f90262b000-74f90262d000 r--p 00000000 00:00 0                          [vvar]
74f90262d000-74f90262f000 r-xp 00000000 00:00 0                          [vdso]
74f90262f000-74f902630000 r--p 00022000 00:12 13993074                   /lib64/ld-2.21.so
74f902630000-74f902631000 rw-p 00023000 00:12 13993074                   /lib64/ld-2.21.so
74f902631000-74f902632000 rw-p 00000000 00:00 0 
7da1bc0e7000-7da1bc109000 rw-p 00000000 00:00 0                          [stack]
ffffffffff600000-ffffffffff601000 r--p 00000000 00:00 0                  [vsyscall]

VM Arguments:
jvm_args: -verbose:gc -Xms16g -Xmx16g -agentpath:/home/jvican/downloads/yjp-2016.02/bin/linux-x86-64/libyjpagent.so 
java_command: org.scalameter.execution.Main /tmp/newjvm-2478717730087689906-io
java_class_path (initial): /data/rw/code/scala/fastparsers/FastParsers/target/scala-2.11/test-classes:/data/rw/code/scala/fastparsers/FastParsers/target/scala-2.11/classes:/home/jvican/.coursier/cache/v1/https/jcenter.bintray.com/xml-apis/xml-apis/1.3.04/xml-apis-1.3.04.jar:/home/jvican/.coursier/cache/v1/https/jcenter.bintray.com/org/scala-lang/modules/scala-parser-combinators_2.11/1.0.4/scala-parser-combinators_2.11-1.0.4.jar:/home/jvican/.coursier/cache/v1/https/jcenter.bintray.com/org/jfree/jcommon/1.0.21/jcommon-1.0.21.jar:/home/jvican/.coursier/cache/v1/https/jcenter.bintray.com/com/fasterxml/jackson/core/jackson-annotations/2.5.2/jackson-annotations-2.5.2.jar:/home/jvican/.coursier/cache/v1/https/jcenter.bintray.com/org/scala-lang/modules/scala-xml_2.11/1.0.4/scala-xml_2.11-1.0.4.jar:/home/jvican/.coursier/cache/v1/https/jcenter.bintray.com/org/scalatest/scalatest_2.11/3.0.0-M15/scalatest_2.11-3.0.0-M15.jar:/home/jvican/.coursier/cache/v1/https/jcenter.bintray.com/com/fasterxml/jackson/core/jackson-core/2.5.2/jackson-core-2.5.2.jar:/home/jvican/.coursier/cache/v1/https/jcenter.bintray.com/org/ow2/asm/asm/5.0.4/asm-5.0.4.jar:/home/jvican/.coursier/cache/v1/https/jcenter.bintray.com/com/fasterxml/jackson/core/jackson-databind/2.5.2/jackson-databind-2.5.2.jar:/home/jvican/.coursier/cache/v1/https/jcenter.bintray.com/org/scala-sbt/test-interface/1.0/test-interface-1.0.jar:/home/jvican/.coursier/cache/v1/https/jcenter.bintray.com/org/scala-lang/scala-reflect/2.11.7/scala-reflect-2.11.7.jar:/home/jvican/.coursier/cache/v1/https/jcenter.bintray.com/org/scala-tools/testing/test-interface/0.5/test-interface-0.5.jar:/home/jvican/.coursier/cache/v1/https/jcenter.bintray.com/com/lihaoyi/derive_2.11/0.3.8/derive_2.11-0.3.8.jar:/home/jvican/.coursier/cache/v1/https/jcenter.bintray.com/org/apache/commons/commons-math3/3.2/commons-math3-3.2.jar:/home/jvican/.coursier/cache/v1/https/jcenter.bintray.com/org/scalacheck/scalacheck_2.11/1.11.5/scalacheck_2.11-1.11.5.jar:/home/j
Launcher Type: SUN_STANDARD

Environment Variables:
JAVA_HOME=/etc/java-config-2/current-system-vm
PATH=/usr/local/sbin:/usr/local/bin:/usr/sbin:/usr/bin:/sbin:/bin:/opt/bin:/usr/x86_64-pc-linux-gnu/gcc-bin/4.9.3
SHELL=/bin/zsh
DISPLAY=:0

Signal Handlers:
SIGSEGV: [libjvm.so+0xabb070], sa_mask[0]=11111111011111111101111111111110, sa_flags=SA_RESTART|SA_SIGINFO
SIGBUS: [libjvm.so+0xabb070], sa_mask[0]=11111111011111111101111111111110, sa_flags=SA_RESTART|SA_SIGINFO
SIGFPE: [libjvm.so+0x918480], sa_mask[0]=11111111011111111101111111111110, sa_flags=SA_RESTART|SA_SIGINFO
SIGPIPE: [libjvm.so+0x918480], sa_mask[0]=11111111011111111101111111111110, sa_flags=SA_RESTART|SA_SIGINFO
SIGXFSZ: [libjvm.so+0x918480], sa_mask[0]=11111111011111111101111111111110, sa_flags=SA_RESTART|SA_SIGINFO
SIGILL: [libjvm.so+0x918480], sa_mask[0]=11111111011111111101111111111110, sa_flags=SA_RESTART|SA_SIGINFO
SIGUSR1: SIG_DFL, sa_mask[0]=00000000000000000000000000000000, sa_flags=none
SIGUSR2: [libjvm.so+0x919ab0], sa_mask[0]=00100000000000000000000000000000, sa_flags=SA_RESTART|SA_SIGINFO
SIGHUP: SIG_DFL, sa_mask[0]=00000000000000000000000000000000, sa_flags=none
SIGINT: SIG_DFL, sa_mask[0]=00000000000000000000000000000000, sa_flags=none
SIGTERM: SIG_DFL, sa_mask[0]=00000000000000000000000000000000, sa_flags=none
SIGQUIT: SIG_DFL, sa_mask[0]=00000000000000000000000000000000, sa_flags=none


---------------  S Y S T E M  ---------------

OS:DISTRIB_ID="Gentoo"

uname:Linux 4.3.3-hardened-r4 #4 SMP Mon Feb 29 23:09:50 CET 2016 x86_64
libc:glibc 2.21 NPTL 2.21 
rlimit: STACK 8192k, CORE 0k, NPROC 27316, NOFILE 4096, AS infinity
load average:0.52 0.79 0.96

/proc/meminfo:
MemTotal:        6995896 kB
MemFree:           49064 kB
MemAvailable:     536492 kB
Buffers:              16 kB
Cached:          1756232 kB
SwapCached:            0 kB
Active:          6283752 kB
Inactive:         522272 kB
Active(anon):    6045360 kB
Inactive(anon):   282544 kB
Active(file):     238392 kB
Inactive(file):   239728 kB
Unevictable:          16 kB
Mlocked:              16 kB
SwapTotal:             0 kB
SwapFree:              0 kB
Dirty:             13876 kB
Writeback:             0 kB
AnonPages:       5049880 kB
Mapped:           448044 kB
Shmem:           1277332 kB
Slab:              76464 kB
SReclaimable:      48944 kB
SUnreclaim:        27520 kB
KernelStack:        8096 kB
PageTables:        21248 kB
NFS_Unstable:          0 kB
Bounce:                0 kB
WritebackTmp:          0 kB
CommitLimit:     3497948 kB
Committed_AS:    9833624 kB
VmallocTotal:   34359738367 kB
VmallocUsed:           0 kB
VmallocChunk:          0 kB
HugePages_Total:       0
HugePages_Free:        0
HugePages_Rsvd:        0
HugePages_Surp:        0
Hugepagesize:       2048 kB
DirectMap4k:        8248 kB
DirectMap2M:     7188480 kB


CPU:total 4 (2 cores per cpu, 2 threads per core) family 6 model 37 stepping 5, cmov, cx8, fxsr, mmx, sse, sse2, sse3, ssse3, sse4.1, sse4.2, popcnt, aes, clmul, ht, tsc, tscinvbit

/proc/cpuinfo:
processor	: 0
vendor_id	: GenuineIntel
cpu family	: 6
model		: 37
model name	: Intel(R) Core(TM) i5 CPU       M 540  @ 2.53GHz
stepping	: 5
microcode	: 0x2
cpu MHz		: 1199.000
cache size	: 3072 KB
physical id	: 0
siblings	: 4
core id		: 0
cpu cores	: 2
apicid		: 0
initial apicid	: 0
fpu		: yes
fpu_exception	: yes
cpuid level	: 11
wp		: yes
flags		: fpu vme de pse tsc msr pae mce cx8 apic sep mtrr pge mca cmov pat pse36 clflush dts acpi mmx fxsr sse sse2 ss ht tm pbe syscall nx rdtscp lm constant_tsc arch_perfmon pebs bts rep_good nopl xtopology nonstop_tsc aperfmperf pni pclmulqdq dtes64 monitor ds_cpl vmx smx est tm2 ssse3 cx16 xtpr pdcm pcid sse4_1 sse4_2 popcnt aes lahf_lm ida arat dtherm tpr_shadow vnmi flexpriority ept vpid
bugs		:
bogomips	: 5053.96
clflush size	: 64
cache_alignment	: 64
address sizes	: 36 bits physical, 48 bits virtual
power management:

processor	: 1
vendor_id	: GenuineIntel
cpu family	: 6
model		: 37
model name	: Intel(R) Core(TM) i5 CPU       M 540  @ 2.53GHz
stepping	: 5
microcode	: 0x2
cpu MHz		: 1199.000
cache size	: 3072 KB
physical id	: 0
siblings	: 4
core id		: 0
cpu cores	: 2
apicid		: 1
initial apicid	: 1
fpu		: yes
fpu_exception	: yes
cpuid level	: 11
wp		: yes
flags		: fpu vme de pse tsc msr pae mce cx8 apic sep mtrr pge mca cmov pat pse36 clflush dts acpi mmx fxsr sse sse2 ss ht tm pbe syscall nx rdtscp lm constant_tsc arch_perfmon pebs bts rep_good nopl xtopology nonstop_tsc aperfmperf pni pclmulqdq dtes64 monitor ds_cpl vmx smx est tm2 ssse3 cx16 xtpr pdcm pcid sse4_1 sse4_2 popcnt aes lahf_lm ida arat dtherm tpr_shadow vnmi flexpriority ept vpid
bugs		:
bogomips	: 5053.96
clflush size	: 64
cache_alignment	: 64
address sizes	: 36 bits physical, 48 bits virtual
power management:

processor	: 2
vendor_id	: GenuineIntel
cpu family	: 6
model		: 37
model name	: Intel(R) Core(TM) i5 CPU       M 540  @ 2.53GHz
stepping	: 5
microcode	: 0x2
cpu MHz		: 1199.000
cache size	: 3072 KB
physical id	: 0
siblings	: 4
core id		: 2
cpu cores	: 2
apicid		: 4
initial apicid	: 4
fpu		: yes
fpu_exception	: yes
cpuid level	: 11
wp		: yes
flags		: fpu vme de pse tsc msr pae mce cx8 apic sep mtrr pge mca cmov pat pse36 clflush dts acpi mmx fxsr sse sse2 ss ht tm pbe syscall nx rdtscp lm constant_tsc arch_perfmon pebs bts rep_good nopl xtopology nonstop_tsc aperfmperf pni pclmulqdq dtes64 monitor ds_cpl vmx smx est tm2 ssse3 cx16 xtpr pdcm pcid sse4_1 sse4_2 popcnt aes lahf_lm ida arat dtherm tpr_shadow vnmi flexpriority ept vpid
bugs		:
bogomips	: 5053.96
clflush size	: 64
cache_alignment	: 64
address sizes	: 36 bits physical, 48 bits virtual
power management:

processor	: 3
vendor_id	: GenuineIntel
cpu family	: 6
model		: 37
model name	: Intel(R) Core(TM) i5 CPU       M 540  @ 2.53GHz
stepping	: 5
microcode	: 0x2
cpu MHz		: 1199.000
cache size	: 3072 KB
physical id	: 0
siblings	: 4
core id		: 2
cpu cores	: 2
apicid		: 5
initial apicid	: 5
fpu		: yes
fpu_exception	: yes
cpuid level	: 11
wp		: yes
flags		: fpu vme de pse tsc msr pae mce cx8 apic sep mtrr pge mca cmov pat pse36 clflush dts acpi mmx fxsr sse sse2 ss ht tm pbe syscall nx rdtscp lm constant_tsc arch_perfmon pebs bts rep_good nopl xtopology nonstop_tsc aperfmperf pni pclmulqdq dtes64 monitor ds_cpl vmx smx est tm2 ssse3 cx16 xtpr pdcm pcid sse4_1 sse4_2 popcnt aes lahf_lm ida arat dtherm tpr_shadow vnmi flexpriority ept vpid
bugs		:
bogomips	: 5053.96
clflush size	: 64
cache_alignment	: 64
address sizes	: 36 bits physical, 48 bits virtual
power management:



Memory: 4k page, physical 6995896k(49064k free), swap 0k(0k free)

vm_info: Java HotSpot(TM) 64-Bit Server VM (25.74-b02) for linux-amd64 JRE (1.8.0_74-b02), built on Jan 29 2016 19:20:56 by "java_re" with gcc 4.3.0 20080428 (Red Hat 4.3.0-8)

time: Mon Mar 14 14:37:13 2016
elapsed time: 0 seconds (0d 0h 0m 0s)

