#
# There is insufficient memory for the Java Runtime Environment to continue.
# Native memory allocation (mmap) failed to map 5726273536 bytes for committing reserved memory.
# Possible reasons:
#   The system is out of physical RAM or swap space
#   In 32 bit mode, the process size limit was hit
# Possible solutions:
#   Reduce memory load on the system
#   Increase physical memory or swap space
#   Check if swap backing store is full
#   Use 64 bit Java on a 64 bit OS
#   Decrease Java heap size (-Xmx/-Xms)
#   Decrease number of Java threads
#   Decrease Java thread stack sizes (-Xss)
#   Set larger code cache with -XX:ReservedCodeCacheSize=
# This output file may be truncated or incomplete.
#
#  Out of Memory Error (os_linux.cpp:2627), pid=26492, tid=123500289537792
#
# JRE version:  (8.0_74-b02) (build )
# Java VM: Java HotSpot(TM) 64-Bit Server VM (25.74-b02 mixed mode linux-amd64 compressed oops)
# Failed to write core dump. Core dumps have been disabled. To enable core dumping, try "ulimit -c unlimited" before starting Java again
#

---------------  T H R E A D  ---------------

Current thread (0x00007052a01f4000):  JavaThread "Unknown thread" [_thread_in_vm, id=26499, stack(0x00007052a6d33000,0x00007052a6e34000)]

Stack: [0x00007052a6d33000,0x00007052a6e34000],  sp=0x00007052a6e323e0,  free space=1020k
Native frames: (J=compiled Java code, j=interpreted, Vv=VM code, C=native code)
V  [libjvm.so+0xaba7ea]  VMError::report_and_die()+0x2ba
V  [libjvm.so+0x4f9e3b]  report_vm_out_of_memory(char const*, int, unsigned long, VMErrorType, char const*)+0x8b
V  [libjvm.so+0x91b613]  os::Linux::commit_memory_impl(char*, unsigned long, bool)+0x103
V  [libjvm.so+0x91bb69]  os::pd_commit_memory(char*, unsigned long, unsigned long, bool)+0x29
V  [libjvm.so+0x915e6a]  os::commit_memory(char*, unsigned long, unsigned long, bool)+0x2a
V  [libjvm.so+0x989543]  PSVirtualSpace::expand_by(unsigned long)+0x53
V  [libjvm.so+0x98a505]  PSYoungGen::initialize_virtual_space(ReservedSpace, unsigned long)+0x75
V  [libjvm.so+0x98ae6e]  PSYoungGen::initialize(ReservedSpace, unsigned long)+0x3e
V  [libjvm.so+0x2d8225]  AdjoiningGenerations::AdjoiningGenerations(ReservedSpace, GenerationSizer*, unsigned long)+0x345
V  [libjvm.so+0x93e9c6]  ParallelScavengeHeap::initialize()+0x1d6
V  [libjvm.so+0xa8301b]  Universe::initialize_heap()+0xfb
V  [libjvm.so+0xa8338e]  universe_init()+0x3e
V  [libjvm.so+0x6392c5]  init_globals()+0x65
V  [libjvm.so+0xa6758e]  Threads::create_vm(JavaVMInitArgs*, bool*)+0x23e
V  [libjvm.so+0x6cd7e4]  JNI_CreateJavaVM+0x74
C  [libjli.so+0x745e]  JavaMain+0x9e
C  [libpthread.so.0+0x751c]  start_thread+0xdc
C  [libc.so.6+0xf47cd]  clone+0x6d


---------------  P R O C E S S  ---------------

Java Threads: ( => current thread )

Other Threads:

=>0x00007052a01f4000 (exited) JavaThread "Unknown thread" [_thread_in_vm, id=26499, stack(0x00007052a6d33000,0x00007052a6e34000)]

VM state:not at safepoint (not fully initialized)

VM Mutex/Monitor currently owned by a thread: None

GC Heap History (0 events):
No events

Deoptimization events (0 events):
No events

Internal exceptions (0 events):
No events

Events (0 events):
No events


Dynamic libraries:
00200000-00401000 r-xp 00000000 00:12 14134429                           /opt/oracle-jdk-bin-1.8.0.74/bin/java
00600000-00601000 rw-p 00200000 00:12 14134429                           /opt/oracle-jdk-bin-1.8.0.74/bin/java
00601000-01dcf000 ---p 00000000 00:00 0 
01dcf000-01df1000 rw-p 00000000 00:00 0                                  [heap]
704e8cbff000-704e8ebff000 ---p 00000000 00:00 0 
704e8ebff000-704e8ec00000 rw-p 00000000 00:00 0 
704e8ec00000-705139900000 ---p 00000000 00:00 0 
70528ed90000-70528ef30000 rw-p 00000000 00:00 0 
70528ef30000-70528f2e6000 ---p 00000000 00:00 0 
70528f2e6000-70528f556000 rwxp 00000000 00:00 0 
70528f556000-70529e2e6000 ---p 00000000 00:00 0 
70529e2e6000-70529e300000 r-xp 00000000 00:12 14134530                   /opt/oracle-jdk-bin-1.8.0.74/jre/lib/amd64/libzip.so
70529e300000-70529e500000 ---p 0001a000 00:12 14134530                   /opt/oracle-jdk-bin-1.8.0.74/jre/lib/amd64/libzip.so
70529e500000-70529e501000 rw-p 0001a000 00:12 14134530                   /opt/oracle-jdk-bin-1.8.0.74/jre/lib/amd64/libzip.so
70529e501000-70529e630000 rw-p 00000000 00:00 0 
70529e630000-70529e63b000 r-xp 00000000 00:12 13992560                   /lib64/libnss_files-2.21.so
70529e63b000-70529e83a000 ---p 0000b000 00:12 13992560                   /lib64/libnss_files-2.21.so
70529e83a000-70529e83b000 r--p 0000a000 00:12 13992560                   /lib64/libnss_files-2.21.so
70529e83b000-70529e83c000 rw-p 0000b000 00:12 13992560                   /lib64/libnss_files-2.21.so
70529e83c000-70529e847000 r-xp 00000000 00:12 13992950                   /lib64/libnss_nis-2.21.so
70529e847000-70529ea46000 ---p 0000b000 00:12 13992950                   /lib64/libnss_nis-2.21.so
70529ea46000-70529ea47000 r--p 0000a000 00:12 13992950                   /lib64/libnss_nis-2.21.so
70529ea47000-70529ea48000 rw-p 0000b000 00:12 13992950                   /lib64/libnss_nis-2.21.so
70529ea48000-70529ea5e000 r-xp 00000000 00:12 13992888                   /lib64/libnsl-2.21.so
70529ea5e000-70529ec5d000 ---p 00016000 00:12 13992888                   /lib64/libnsl-2.21.so
70529ec5d000-70529ec5e000 r--p 00015000 00:12 13992888                   /lib64/libnsl-2.21.so
70529ec5e000-70529ec5f000 rw-p 00016000 00:12 13992888                   /lib64/libnsl-2.21.so
70529ec5f000-7052a0000000 rw-p 00000000 00:00 0 
7052a0000000-7052a038d000 rw-p 00000000 00:00 0 
7052a038d000-7052a4000000 ---p 00000000 00:00 0 
7052a4029000-7052a40ab000 rw-p 00000000 00:00 0 
7052a40ab000-7052a40b2000 r-xp 00000000 00:12 13993029                   /lib64/libnss_compat-2.21.so
7052a40b2000-7052a42b2000 ---p 00007000 00:12 13993029                   /lib64/libnss_compat-2.21.so
7052a42b2000-7052a42b3000 r--p 00007000 00:12 13993029                   /lib64/libnss_compat-2.21.so
7052a42b3000-7052a42b4000 rw-p 00008000 00:12 13993029                   /lib64/libnss_compat-2.21.so
7052a42b4000-7052a43ba000 rw-p 00000000 00:00 0 
7052a43ba000-7052a4719000 r-xp 00000000 00:12 15731533                   /home/jvican/downloads/yjp-2016.02/bin/linux-x86-64/libyjpagent.so
7052a4719000-7052a4918000 ---p 0035f000 00:12 15731533                   /home/jvican/downloads/yjp-2016.02/bin/linux-x86-64/libyjpagent.so
7052a4918000-7052a4927000 rw-p 0035e000 00:12 15731533                   /home/jvican/downloads/yjp-2016.02/bin/linux-x86-64/libyjpagent.so
7052a4927000-7052a492b000 rw-p 00000000 00:00 0 
7052a492b000-7052a4955000 r-xp 00000000 00:12 14134550                   /opt/oracle-jdk-bin-1.8.0.74/jre/lib/amd64/libjava.so
7052a4955000-7052a4b55000 ---p 0002a000 00:12 14134550                   /opt/oracle-jdk-bin-1.8.0.74/jre/lib/amd64/libjava.so
7052a4b55000-7052a4b57000 rw-p 0002a000 00:12 14134550                   /opt/oracle-jdk-bin-1.8.0.74/jre/lib/amd64/libjava.so
7052a4b57000-7052a4b64000 r-xp 00000000 00:12 14134518                   /opt/oracle-jdk-bin-1.8.0.74/jre/lib/amd64/libverify.so
7052a4b64000-7052a4d64000 ---p 0000d000 00:12 14134518                   /opt/oracle-jdk-bin-1.8.0.74/jre/lib/amd64/libverify.so
7052a4d64000-7052a4d66000 rw-p 0000d000 00:12 14134518                   /opt/oracle-jdk-bin-1.8.0.74/jre/lib/amd64/libverify.so
7052a4d66000-7052a4d6d000 r-xp 00000000 00:12 13991771                   /lib64/librt-2.21.so
7052a4d6d000-7052a4f6c000 ---p 00007000 00:12 13991771                   /lib64/librt-2.21.so
7052a4f6c000-7052a4f6d000 r--p 00006000 00:12 13991771                   /lib64/librt-2.21.so
7052a4f6d000-7052a4f6e000 rw-p 00007000 00:12 13991771                   /lib64/librt-2.21.so
7052a4f6e000-7052a5071000 r-xp 00000000 00:12 13990847                   /lib64/libm-2.21.so
7052a5071000-7052a5270000 ---p 00103000 00:12 13990847                   /lib64/libm-2.21.so
7052a5270000-7052a5271000 r--p 00102000 00:12 13990847                   /lib64/libm-2.21.so
7052a5271000-7052a5272000 rw-p 00103000 00:12 13990847                   /lib64/libm-2.21.so
7052a5272000-7052a5f31000 r-xp 00000000 00:12 14134553                   /opt/oracle-jdk-bin-1.8.0.74/jre/lib/amd64/server/libjvm.so
7052a5f31000-7052a6130000 ---p 00cbf000 00:12 14134553                   /opt/oracle-jdk-bin-1.8.0.74/jre/lib/amd64/server/libjvm.so
7052a6130000-7052a6209000 rw-p 00cbe000 00:12 14134553                   /opt/oracle-jdk-bin-1.8.0.74/jre/lib/amd64/server/libjvm.so
7052a6209000-7052a6252000 rw-p 00000000 00:00 0 
7052a6252000-7052a63f2000 r-xp 00000000 00:12 13993075                   /lib64/libc-2.21.so
7052a63f2000-7052a65f1000 ---p 001a0000 00:12 13993075                   /lib64/libc-2.21.so
7052a65f1000-7052a65f5000 r--p 0019f000 00:12 13993075                   /lib64/libc-2.21.so
7052a65f5000-7052a65f7000 rw-p 001a3000 00:12 13993075                   /lib64/libc-2.21.so
7052a65f7000-7052a65fc000 rw-p 00000000 00:00 0 
7052a65fc000-7052a65fe000 r-xp 00000000 00:12 13990878                   /lib64/libdl-2.21.so
7052a65fe000-7052a67fe000 ---p 00002000 00:12 13990878                   /lib64/libdl-2.21.so
7052a67fe000-7052a67ff000 r--p 00002000 00:12 13990878                   /lib64/libdl-2.21.so
7052a67ff000-7052a6800000 rw-p 00003000 00:12 13990878                   /lib64/libdl-2.21.so
7052a6800000-7052a6815000 r-xp 00000000 00:12 14135354                   /opt/oracle-jdk-bin-1.8.0.74/lib/amd64/jli/libjli.so
7052a6815000-7052a6a15000 ---p 00015000 00:12 14135354                   /opt/oracle-jdk-bin-1.8.0.74/lib/amd64/jli/libjli.so
7052a6a15000-7052a6a16000 rw-p 00015000 00:12 14135354                   /opt/oracle-jdk-bin-1.8.0.74/lib/amd64/jli/libjli.so
7052a6a16000-7052a6a2e000 r-xp 00000000 00:12 13993080                   /lib64/libpthread-2.21.so
7052a6a2e000-7052a6c2d000 ---p 00018000 00:12 13993080                   /lib64/libpthread-2.21.so
7052a6c2d000-7052a6c2e000 r--p 00017000 00:12 13993080                   /lib64/libpthread-2.21.so
7052a6c2e000-7052a6c2f000 rw-p 00018000 00:12 13993080                   /lib64/libpthread-2.21.so
7052a6c2f000-7052a6c33000 rw-p 00000000 00:00 0 
7052a6c33000-7052a6c56000 r-xp 00000000 00:12 13993074                   /lib64/ld-2.21.so
7052a6c60000-7052a6d33000 rw-p 00000000 00:00 0 
7052a6d33000-7052a6d36000 ---p 00000000 00:00 0 
7052a6d36000-7052a6e38000 rw-p 00000000 00:00 0                          [stack:26499]
7052a6e41000-7052a6e44000 rw-p 00000000 00:00 0 
7052a6e44000-7052a6e4c000 rw-s 00000000 00:28 514718                     /tmp/hsperfdata_jvican/26492
7052a6e4c000-7052a6e4d000 rw-s 00000000 00:05 30179331                   /SYSV42341492 (deleted)
7052a6e4d000-7052a6e4f000 rw-p 00000000 00:00 0 
7052a6e4f000-7052a6e50000 r--p 00000000 00:00 0 
7052a6e50000-7052a6e51000 rw-p 00000000 00:00 0 
7052a6e51000-7052a6e53000 r--p 00000000 00:00 0                          [vvar]
7052a6e53000-7052a6e55000 r-xp 00000000 00:00 0                          [vdso]
7052a6e55000-7052a6e56000 r--p 00022000 00:12 13993074                   /lib64/ld-2.21.so
7052a6e56000-7052a6e57000 rw-p 00023000 00:12 13993074                   /lib64/ld-2.21.so
7052a6e57000-7052a6e58000 rw-p 00000000 00:00 0 
716be61c9000-716be61ec000 rw-p 00000000 00:00 0                          [stack]
ffffffffff600000-ffffffffff601000 r--p 00000000 00:00 0                  [vsyscall]

VM Arguments:
jvm_args: -verbose:gc -Xms16g -Xmx16g -agentpath:/home/jvican/downloads/yjp-2016.02/bin/linux-x86-64/libyjpagent.so 
java_command: org.scalameter.execution.Main /tmp/newjvm-3678231490508229473-io
java_class_path (initial): /data/rw/code/scala/fastparsers/FastParsers/target/scala-2.11/test-classes:/data/rw/code/scala/fastparsers/FastParsers/target/scala-2.11/classes:/home/jvican/.coursier/cache/v1/https/jcenter.bintray.com/xml-apis/xml-apis/1.3.04/xml-apis-1.3.04.jar:/home/jvican/.coursier/cache/v1/https/jcenter.bintray.com/org/scala-lang/modules/scala-parser-combinators_2.11/1.0.4/scala-parser-combinators_2.11-1.0.4.jar:/home/jvican/.coursier/cache/v1/https/jcenter.bintray.com/org/jfree/jcommon/1.0.21/jcommon-1.0.21.jar:/home/jvican/.coursier/cache/v1/https/jcenter.bintray.com/com/fasterxml/jackson/core/jackson-annotations/2.5.2/jackson-annotations-2.5.2.jar:/home/jvican/.coursier/cache/v1/https/jcenter.bintray.com/org/scala-lang/modules/scala-xml_2.11/1.0.4/scala-xml_2.11-1.0.4.jar:/home/jvican/.coursier/cache/v1/https/jcenter.bintray.com/org/scalatest/scalatest_2.11/3.0.0-M15/scalatest_2.11-3.0.0-M15.jar:/home/jvican/.coursier/cache/v1/https/jcenter.bintray.com/com/fasterxml/jackson/core/jackson-core/2.5.2/jackson-core-2.5.2.jar:/home/jvican/.coursier/cache/v1/https/jcenter.bintray.com/org/ow2/asm/asm/5.0.4/asm-5.0.4.jar:/home/jvican/.coursier/cache/v1/https/jcenter.bintray.com/com/fasterxml/jackson/core/jackson-databind/2.5.2/jackson-databind-2.5.2.jar:/home/jvican/.coursier/cache/v1/https/jcenter.bintray.com/org/scala-sbt/test-interface/1.0/test-interface-1.0.jar:/home/jvican/.coursier/cache/v1/https/jcenter.bintray.com/org/scala-lang/scala-reflect/2.11.7/scala-reflect-2.11.7.jar:/home/jvican/.coursier/cache/v1/https/jcenter.bintray.com/org/scala-tools/testing/test-interface/0.5/test-interface-0.5.jar:/home/jvican/.coursier/cache/v1/https/jcenter.bintray.com/com/lihaoyi/derive_2.11/0.3.8/derive_2.11-0.3.8.jar:/home/jvican/.coursier/cache/v1/https/jcenter.bintray.com/org/apache/commons/commons-math3/3.2/commons-math3-3.2.jar:/home/jvican/.coursier/cache/v1/https/jcenter.bintray.com/org/scalacheck/scalacheck_2.11/1.11.5/scalacheck_2.11-1.11.5.jar:/home/j
Launcher Type: SUN_STANDARD

Environment Variables:
JAVA_HOME=/etc/java-config-2/current-system-vm
PATH=/usr/local/sbin:/usr/local/bin:/usr/sbin:/usr/bin:/sbin:/bin:/opt/bin:/usr/x86_64-pc-linux-gnu/gcc-bin/4.9.3
SHELL=/bin/zsh
DISPLAY=:0

Signal Handlers:
SIGSEGV: [libjvm.so+0xabb070], sa_mask[0]=11111111011111111101111111111110, sa_flags=SA_RESTART|SA_SIGINFO
SIGBUS: [libjvm.so+0xabb070], sa_mask[0]=11111111011111111101111111111110, sa_flags=SA_RESTART|SA_SIGINFO
SIGFPE: [libjvm.so+0x918480], sa_mask[0]=11111111011111111101111111111110, sa_flags=SA_RESTART|SA_SIGINFO
SIGPIPE: [libjvm.so+0x918480], sa_mask[0]=11111111011111111101111111111110, sa_flags=SA_RESTART|SA_SIGINFO
SIGXFSZ: [libjvm.so+0x918480], sa_mask[0]=11111111011111111101111111111110, sa_flags=SA_RESTART|SA_SIGINFO
SIGILL: [libjvm.so+0x918480], sa_mask[0]=11111111011111111101111111111110, sa_flags=SA_RESTART|SA_SIGINFO
SIGUSR1: SIG_DFL, sa_mask[0]=00000000000000000000000000000000, sa_flags=none
SIGUSR2: [libjvm.so+0x919ab0], sa_mask[0]=00100000000000000000000000000000, sa_flags=SA_RESTART|SA_SIGINFO
SIGHUP: SIG_DFL, sa_mask[0]=00000000000000000000000000000000, sa_flags=none
SIGINT: SIG_DFL, sa_mask[0]=00000000000000000000000000000000, sa_flags=none
SIGTERM: SIG_DFL, sa_mask[0]=00000000000000000000000000000000, sa_flags=none
SIGQUIT: SIG_DFL, sa_mask[0]=00000000000000000000000000000000, sa_flags=none


---------------  S Y S T E M  ---------------

OS:DISTRIB_ID="Gentoo"

uname:Linux 4.3.3-hardened-r4 #4 SMP Mon Feb 29 23:09:50 CET 2016 x86_64
libc:glibc 2.21 NPTL 2.21 
rlimit: STACK 8192k, CORE 0k, NPROC 27316, NOFILE 4096, AS infinity
load average:1.76 1.23 0.83

/proc/meminfo:
MemTotal:        6995896 kB
MemFree:         1959836 kB
MemAvailable:    2848908 kB
Buffers:              16 kB
Cached:          1274964 kB
SwapCached:            0 kB
Active:          4165800 kB
Inactive:         735044 kB
Active(anon):    3668944 kB
Inactive(anon):   348708 kB
Active(file):     496856 kB
Inactive(file):   386336 kB
Unevictable:          16 kB
Mlocked:              16 kB
SwapTotal:             0 kB
SwapFree:              0 kB
Dirty:             19440 kB
Writeback:             0 kB
AnonPages:       3626196 kB
Mapped:           231124 kB
Shmem:            391788 kB
Slab:              75472 kB
SReclaimable:      45516 kB
SUnreclaim:        29956 kB
KernelStack:        8224 kB
PageTables:        17620 kB
NFS_Unstable:          0 kB
Bounce:                0 kB
WritebackTmp:          0 kB
CommitLimit:     3497948 kB
Committed_AS:    7147976 kB
VmallocTotal:   34359738367 kB
VmallocUsed:           0 kB
VmallocChunk:          0 kB
HugePages_Total:       0
HugePages_Free:        0
HugePages_Rsvd:        0
HugePages_Surp:        0
Hugepagesize:       2048 kB
DirectMap4k:        8248 kB
DirectMap2M:     7188480 kB


CPU:total 4 (2 cores per cpu, 2 threads per core) family 6 model 37 stepping 5, cmov, cx8, fxsr, mmx, sse, sse2, sse3, ssse3, sse4.1, sse4.2, popcnt, aes, clmul, ht, tsc, tscinvbit

/proc/cpuinfo:
processor	: 0
vendor_id	: GenuineIntel
cpu family	: 6
model		: 37
model name	: Intel(R) Core(TM) i5 CPU       M 540  @ 2.53GHz
stepping	: 5
microcode	: 0x2
cpu MHz		: 1199.000
cache size	: 3072 KB
physical id	: 0
siblings	: 4
core id		: 0
cpu cores	: 2
apicid		: 0
initial apicid	: 0
fpu		: yes
fpu_exception	: yes
cpuid level	: 11
wp		: yes
flags		: fpu vme de pse tsc msr pae mce cx8 apic sep mtrr pge mca cmov pat pse36 clflush dts acpi mmx fxsr sse sse2 ss ht tm pbe syscall nx rdtscp lm constant_tsc arch_perfmon pebs bts rep_good nopl xtopology nonstop_tsc aperfmperf pni pclmulqdq dtes64 monitor ds_cpl vmx smx est tm2 ssse3 cx16 xtpr pdcm pcid sse4_1 sse4_2 popcnt aes lahf_lm ida arat dtherm tpr_shadow vnmi flexpriority ept vpid
bugs		:
bogomips	: 5053.96
clflush size	: 64
cache_alignment	: 64
address sizes	: 36 bits physical, 48 bits virtual
power management:

processor	: 1
vendor_id	: GenuineIntel
cpu family	: 6
model		: 37
model name	: Intel(R) Core(TM) i5 CPU       M 540  @ 2.53GHz
stepping	: 5
microcode	: 0x2
cpu MHz		: 1199.000
cache size	: 3072 KB
physical id	: 0
siblings	: 4
core id		: 0
cpu cores	: 2
apicid		: 1
initial apicid	: 1
fpu		: yes
fpu_exception	: yes
cpuid level	: 11
wp		: yes
flags		: fpu vme de pse tsc msr pae mce cx8 apic sep mtrr pge mca cmov pat pse36 clflush dts acpi mmx fxsr sse sse2 ss ht tm pbe syscall nx rdtscp lm constant_tsc arch_perfmon pebs bts rep_good nopl xtopology nonstop_tsc aperfmperf pni pclmulqdq dtes64 monitor ds_cpl vmx smx est tm2 ssse3 cx16 xtpr pdcm pcid sse4_1 sse4_2 popcnt aes lahf_lm ida arat dtherm tpr_shadow vnmi flexpriority ept vpid
bugs		:
bogomips	: 5053.96
clflush size	: 64
cache_alignment	: 64
address sizes	: 36 bits physical, 48 bits virtual
power management:

processor	: 2
vendor_id	: GenuineIntel
cpu family	: 6
model		: 37
model name	: Intel(R) Core(TM) i5 CPU       M 540  @ 2.53GHz
stepping	: 5
microcode	: 0x2
cpu MHz		: 1199.000
cache size	: 3072 KB
physical id	: 0
siblings	: 4
core id		: 2
cpu cores	: 2
apicid		: 4
initial apicid	: 4
fpu		: yes
fpu_exception	: yes
cpuid level	: 11
wp		: yes
flags		: fpu vme de pse tsc msr pae mce cx8 apic sep mtrr pge mca cmov pat pse36 clflush dts acpi mmx fxsr sse sse2 ss ht tm pbe syscall nx rdtscp lm constant_tsc arch_perfmon pebs bts rep_good nopl xtopology nonstop_tsc aperfmperf pni pclmulqdq dtes64 monitor ds_cpl vmx smx est tm2 ssse3 cx16 xtpr pdcm pcid sse4_1 sse4_2 popcnt aes lahf_lm ida arat dtherm tpr_shadow vnmi flexpriority ept vpid
bugs		:
bogomips	: 5053.96
clflush size	: 64
cache_alignment	: 64
address sizes	: 36 bits physical, 48 bits virtual
power management:

processor	: 3
vendor_id	: GenuineIntel
cpu family	: 6
model		: 37
model name	: Intel(R) Core(TM) i5 CPU       M 540  @ 2.53GHz
stepping	: 5
microcode	: 0x2
cpu MHz		: 1199.000
cache size	: 3072 KB
physical id	: 0
siblings	: 4
core id		: 2
cpu cores	: 2
apicid		: 5
initial apicid	: 5
fpu		: yes
fpu_exception	: yes
cpuid level	: 11
wp		: yes
flags		: fpu vme de pse tsc msr pae mce cx8 apic sep mtrr pge mca cmov pat pse36 clflush dts acpi mmx fxsr sse sse2 ss ht tm pbe syscall nx rdtscp lm constant_tsc arch_perfmon pebs bts rep_good nopl xtopology nonstop_tsc aperfmperf pni pclmulqdq dtes64 monitor ds_cpl vmx smx est tm2 ssse3 cx16 xtpr pdcm pcid sse4_1 sse4_2 popcnt aes lahf_lm ida arat dtherm tpr_shadow vnmi flexpriority ept vpid
bugs		:
bogomips	: 5053.96
clflush size	: 64
cache_alignment	: 64
address sizes	: 36 bits physical, 48 bits virtual
power management:



Memory: 4k page, physical 6995896k(1959836k free), swap 0k(0k free)

vm_info: Java HotSpot(TM) 64-Bit Server VM (25.74-b02) for linux-amd64 JRE (1.8.0_74-b02), built on Jan 29 2016 19:20:56 by "java_re" with gcc 4.3.0 20080428 (Red Hat 4.3.0-8)

time: Mon Mar 14 15:29:54 2016
elapsed time: 0 seconds (0d 0h 0m 0s)

